2025-11-04 10:54:15,481 - INFO - ================================================================================
2025-11-04 10:54:15,481 - INFO - TRAINING SESSION STARTED
2025-11-04 10:54:15,481 - INFO - Opponents: training_dummy
2025-11-04 10:54:15,481 - INFO - Number of environments: 12
2025-11-04 10:54:15,481 - INFO - ================================================================================
2025-11-04 10:54:15,604 - DEBUG - Episode 1 | Env 0 | Opponent: training_dummy | Reward: -395.9 | Length: 117 ticks
2025-11-04 10:54:15,604 - DEBUG -   Final HP: Fighter=0.0, Opponent=58.5
2025-11-04 10:54:15,604 - DEBUG -   Damage: Dealt=35.2, Taken=93.7
2025-11-04 10:54:15,604 - DEBUG -   Result: LOSS
2025-11-04 10:54:15,606 - DEBUG - Episode 2 | Env 9 | Opponent: training_dummy | Reward: -386.8 | Length: 119 ticks
2025-11-04 10:54:15,606 - DEBUG -   Final HP: Fighter=0.0, Opponent=55.9
2025-11-04 10:54:15,606 - DEBUG -   Damage: Dealt=37.8, Taken=93.7
2025-11-04 10:54:15,606 - DEBUG -   Result: LOSS
2025-11-04 10:54:19,825 - DEBUG - Episode 3 | Env 9 | Opponent: training_dummy | Reward: -499.5 | Length: 828 ticks
2025-11-04 10:54:19,825 - DEBUG -   Final HP: Fighter=0.0, Opponent=47.0
2025-11-04 10:54:19,825 - DEBUG -   Damage: Dealt=46.7, Taken=93.7
2025-11-04 10:54:19,825 - DEBUG -   Result: LOSS
2025-11-04 10:54:19,898 - DEBUG - Episode 4 | Env 1 | Opponent: training_dummy | Reward: -224.8 | Length: 1000 ticks
2025-11-04 10:54:19,898 - DEBUG -   Final HP: Fighter=93.7, Opponent=93.7
2025-11-04 10:54:19,898 - DEBUG -   Damage: Dealt=0.0, Taken=0.0
2025-11-04 10:54:19,898 - DEBUG -   Result: LOSS
2025-11-04 10:54:19,898 - DEBUG - Episode 5 | Env 2 | Opponent: training_dummy | Reward: -224.8 | Length: 1000 ticks
2025-11-04 10:54:19,898 - DEBUG -   Final HP: Fighter=93.7, Opponent=93.7
2025-11-04 10:54:19,898 - DEBUG -   Damage: Dealt=0.0, Taken=0.0
2025-11-04 10:54:19,898 - DEBUG -   Result: LOSS
2025-11-04 10:54:19,898 - DEBUG - Episode 6 | Env 3 | Opponent: training_dummy | Reward: -224.8 | Length: 1000 ticks
2025-11-04 10:54:19,898 - DEBUG -   Final HP: Fighter=93.7, Opponent=93.7
2025-11-04 10:54:19,898 - DEBUG -   Damage: Dealt=0.0, Taken=0.0
2025-11-04 10:54:19,898 - DEBUG -   Result: LOSS
2025-11-04 10:54:19,898 - DEBUG - Episode 7 | Env 4 | Opponent: training_dummy | Reward: -224.8 | Length: 1000 ticks
2025-11-04 10:54:19,898 - DEBUG -   Final HP: Fighter=93.7, Opponent=93.7
2025-11-04 10:54:19,898 - DEBUG -   Damage: Dealt=0.0, Taken=0.0
2025-11-04 10:54:19,898 - DEBUG -   Result: LOSS
2025-11-04 10:54:19,898 - DEBUG - Episode 8 | Env 5 | Opponent: training_dummy | Reward: -224.8 | Length: 1000 ticks
2025-11-04 10:54:19,898 - DEBUG -   Final HP: Fighter=93.7, Opponent=93.7
2025-11-04 10:54:19,898 - DEBUG -   Damage: Dealt=0.0, Taken=0.0
2025-11-04 10:54:19,898 - DEBUG -   Result: LOSS
2025-11-04 10:54:19,899 - DEBUG - Episode 9 | Env 6 | Opponent: training_dummy | Reward: -224.8 | Length: 1000 ticks
2025-11-04 10:54:19,899 - DEBUG -   Final HP: Fighter=93.7, Opponent=93.7
2025-11-04 10:54:19,899 - DEBUG -   Damage: Dealt=0.0, Taken=0.0
2025-11-04 10:54:19,899 - DEBUG -   Result: LOSS
2025-11-04 10:54:19,899 - DEBUG - Episode 10 | Env 7 | Opponent: training_dummy | Reward: -224.8 | Length: 1000 ticks
2025-11-04 10:54:19,899 - DEBUG -   Final HP: Fighter=93.7, Opponent=93.7
2025-11-04 10:54:19,899 - DEBUG -   Damage: Dealt=0.0, Taken=0.0
2025-11-04 10:54:19,899 - DEBUG -   Result: LOSS
2025-11-04 10:54:19,899 - DEBUG - Episode 11 | Env 8 | Opponent: training_dummy | Reward: -224.8 | Length: 1000 ticks
2025-11-04 10:54:19,899 - DEBUG -   Final HP: Fighter=93.7, Opponent=93.7
2025-11-04 10:54:19,899 - DEBUG -   Damage: Dealt=0.0, Taken=0.0
2025-11-04 10:54:19,899 - DEBUG -   Result: LOSS
2025-11-04 10:54:19,899 - DEBUG - Episode 12 | Env 10 | Opponent: training_dummy | Reward: -224.8 | Length: 1000 ticks
2025-11-04 10:54:19,899 - DEBUG -   Final HP: Fighter=93.7, Opponent=93.7
2025-11-04 10:54:19,899 - DEBUG -   Damage: Dealt=0.0, Taken=0.0
2025-11-04 10:54:19,899 - DEBUG -   Result: LOSS
2025-11-04 10:54:19,899 - DEBUG - Episode 13 | Env 11 | Opponent: training_dummy | Reward: -224.8 | Length: 1000 ticks
2025-11-04 10:54:19,899 - DEBUG -   Final HP: Fighter=93.7, Opponent=93.7
2025-11-04 10:54:19,899 - DEBUG -   Damage: Dealt=0.0, Taken=0.0
2025-11-04 10:54:19,899 - DEBUG -   Result: LOSS
2025-11-04 10:54:21,111 - DEBUG - Episode 14 | Env 0 | Opponent: training_dummy | Reward: -224.8 | Length: 1000 ticks
2025-11-04 10:54:21,112 - DEBUG -   Final HP: Fighter=93.7, Opponent=93.7
2025-11-04 10:54:21,112 - DEBUG -   Damage: Dealt=0.0, Taken=0.0
2025-11-04 10:54:21,112 - DEBUG -   Result: LOSS
2025-11-04 10:54:25,681 - DEBUG - Episode 15 | Env 9 | Opponent: training_dummy | Reward: -224.8 | Length: 1000 ticks
2025-11-04 10:54:25,681 - DEBUG -   Final HP: Fighter=93.7, Opponent=93.7
2025-11-04 10:54:25,681 - DEBUG -   Damage: Dealt=0.0, Taken=0.0
2025-11-04 10:54:25,681 - DEBUG -   Result: LOSS
2025-11-04 10:54:25,748 - DEBUG - Episode 16 | Env 1 | Opponent: training_dummy | Reward: -224.8 | Length: 1000 ticks
2025-11-04 10:54:25,748 - DEBUG -   Final HP: Fighter=93.7, Opponent=93.7
2025-11-04 10:54:25,748 - DEBUG -   Damage: Dealt=0.0, Taken=0.0
2025-11-04 10:54:25,748 - DEBUG -   Result: LOSS
2025-11-04 10:54:25,748 - DEBUG - Episode 17 | Env 2 | Opponent: training_dummy | Reward: -224.8 | Length: 1000 ticks
2025-11-04 10:54:25,748 - DEBUG -   Final HP: Fighter=93.7, Opponent=93.7
2025-11-04 10:54:25,748 - DEBUG -   Damage: Dealt=0.0, Taken=0.0
2025-11-04 10:54:25,748 - DEBUG -   Result: LOSS
2025-11-04 10:54:25,748 - DEBUG - Episode 18 | Env 3 | Opponent: training_dummy | Reward: -224.8 | Length: 1000 ticks
2025-11-04 10:54:25,748 - DEBUG -   Final HP: Fighter=93.7, Opponent=93.7
2025-11-04 10:54:25,748 - DEBUG -   Damage: Dealt=0.0, Taken=0.0
2025-11-04 10:54:25,748 - DEBUG -   Result: LOSS
2025-11-04 10:54:25,748 - DEBUG - Episode 19 | Env 4 | Opponent: training_dummy | Reward: -224.8 | Length: 1000 ticks
2025-11-04 10:54:25,748 - DEBUG -   Final HP: Fighter=93.7, Opponent=93.7
2025-11-04 10:54:25,748 - DEBUG -   Damage: Dealt=0.0, Taken=0.0
2025-11-04 10:54:25,748 - DEBUG -   Result: LOSS
2025-11-04 10:54:25,748 - DEBUG - Episode 20 | Env 5 | Opponent: training_dummy | Reward: -224.8 | Length: 1000 ticks
2025-11-04 10:54:25,748 - DEBUG -   Final HP: Fighter=93.7, Opponent=93.7
2025-11-04 10:54:25,748 - DEBUG -   Damage: Dealt=0.0, Taken=0.0
2025-11-04 10:54:25,748 - DEBUG -   Result: LOSS
2025-11-04 10:54:25,748 - DEBUG - Episode 21 | Env 6 | Opponent: training_dummy | Reward: -224.8 | Length: 1000 ticks
2025-11-04 10:54:25,748 - DEBUG -   Final HP: Fighter=93.7, Opponent=93.7
2025-11-04 10:54:25,749 - DEBUG -   Damage: Dealt=0.0, Taken=0.0
2025-11-04 10:54:25,749 - DEBUG -   Result: LOSS
2025-11-04 10:54:25,749 - DEBUG - Episode 22 | Env 7 | Opponent: training_dummy | Reward: -224.8 | Length: 1000 ticks
2025-11-04 10:54:25,749 - DEBUG -   Final HP: Fighter=93.7, Opponent=93.7
2025-11-04 10:54:25,749 - DEBUG -   Damage: Dealt=0.0, Taken=0.0
2025-11-04 10:54:25,749 - DEBUG -   Result: LOSS
2025-11-04 10:54:25,749 - DEBUG - Episode 23 | Env 8 | Opponent: training_dummy | Reward: -224.8 | Length: 1000 ticks
2025-11-04 10:54:25,749 - DEBUG -   Final HP: Fighter=93.7, Opponent=93.7
2025-11-04 10:54:25,749 - DEBUG -   Damage: Dealt=0.0, Taken=0.0
2025-11-04 10:54:25,749 - DEBUG -   Result: LOSS
2025-11-04 10:54:25,749 - DEBUG - Episode 24 | Env 10 | Opponent: training_dummy | Reward: -224.8 | Length: 1000 ticks
2025-11-04 10:54:25,749 - DEBUG -   Final HP: Fighter=93.7, Opponent=93.7
2025-11-04 10:54:25,749 - DEBUG -   Damage: Dealt=0.0, Taken=0.0
2025-11-04 10:54:25,749 - DEBUG -   Result: LOSS
2025-11-04 10:54:25,749 - DEBUG - Episode 25 | Env 11 | Opponent: training_dummy | Reward: -224.8 | Length: 1000 ticks
2025-11-04 10:54:25,749 - DEBUG -   Final HP: Fighter=93.7, Opponent=93.7
2025-11-04 10:54:25,749 - DEBUG -   Damage: Dealt=0.0, Taken=0.0
2025-11-04 10:54:25,749 - DEBUG -   Result: LOSS
2025-11-04 10:54:26,972 - DEBUG - Episode 26 | Env 0 | Opponent: training_dummy | Reward: -224.8 | Length: 1000 ticks
2025-11-04 10:54:26,972 - DEBUG -   Final HP: Fighter=93.7, Opponent=93.7
2025-11-04 10:54:26,972 - DEBUG -   Damage: Dealt=0.0, Taken=0.0
2025-11-04 10:54:26,972 - DEBUG -   Result: LOSS
2025-11-04 10:54:32,453 - DEBUG - Episode 27 | Env 9 | Opponent: training_dummy | Reward: -224.8 | Length: 1000 ticks
2025-11-04 10:54:32,453 - DEBUG -   Final HP: Fighter=93.7, Opponent=93.7
2025-11-04 10:54:32,453 - DEBUG -   Damage: Dealt=0.0, Taken=0.0
2025-11-04 10:54:32,453 - DEBUG -   Result: LOSS
2025-11-04 10:54:32,519 - DEBUG - Episode 28 | Env 1 | Opponent: training_dummy | Reward: -224.8 | Length: 1000 ticks
2025-11-04 10:54:32,519 - DEBUG -   Final HP: Fighter=93.7, Opponent=93.7
2025-11-04 10:54:32,519 - DEBUG -   Damage: Dealt=0.0, Taken=0.0
2025-11-04 10:54:32,520 - DEBUG -   Result: LOSS
2025-11-04 10:54:32,520 - DEBUG - Episode 29 | Env 2 | Opponent: training_dummy | Reward: -224.8 | Length: 1000 ticks
2025-11-04 10:54:32,520 - DEBUG -   Final HP: Fighter=93.7, Opponent=93.7
2025-11-04 10:54:32,520 - DEBUG -   Damage: Dealt=0.0, Taken=0.0
2025-11-04 10:54:32,520 - DEBUG -   Result: LOSS
2025-11-04 10:54:32,520 - DEBUG - Episode 30 | Env 3 | Opponent: training_dummy | Reward: -224.8 | Length: 1000 ticks
2025-11-04 10:54:32,520 - DEBUG -   Final HP: Fighter=93.7, Opponent=93.7
2025-11-04 10:54:32,520 - DEBUG -   Damage: Dealt=0.0, Taken=0.0
2025-11-04 10:54:32,520 - DEBUG -   Result: LOSS
2025-11-04 10:54:32,520 - DEBUG - Episode 31 | Env 4 | Opponent: training_dummy | Reward: -224.8 | Length: 1000 ticks
2025-11-04 10:54:32,520 - DEBUG -   Final HP: Fighter=93.7, Opponent=93.7
2025-11-04 10:54:32,520 - DEBUG -   Damage: Dealt=0.0, Taken=0.0
2025-11-04 10:54:32,520 - DEBUG -   Result: LOSS
2025-11-04 10:54:32,520 - DEBUG - Episode 32 | Env 5 | Opponent: training_dummy | Reward: -224.8 | Length: 1000 ticks
2025-11-04 10:54:32,520 - DEBUG -   Final HP: Fighter=93.7, Opponent=93.7
2025-11-04 10:54:32,520 - DEBUG -   Damage: Dealt=0.0, Taken=0.0
2025-11-04 10:54:32,520 - DEBUG -   Result: LOSS
2025-11-04 10:54:32,520 - DEBUG - Episode 33 | Env 6 | Opponent: training_dummy | Reward: -224.8 | Length: 1000 ticks
2025-11-04 10:54:32,520 - DEBUG -   Final HP: Fighter=93.7, Opponent=93.7
2025-11-04 10:54:32,520 - DEBUG -   Damage: Dealt=0.0, Taken=0.0
2025-11-04 10:54:32,520 - DEBUG -   Result: LOSS
2025-11-04 10:54:32,520 - DEBUG - Episode 34 | Env 7 | Opponent: training_dummy | Reward: -224.8 | Length: 1000 ticks
2025-11-04 10:54:32,520 - DEBUG -   Final HP: Fighter=93.7, Opponent=93.7
2025-11-04 10:54:32,520 - DEBUG -   Damage: Dealt=0.0, Taken=0.0
2025-11-04 10:54:32,520 - DEBUG -   Result: LOSS
2025-11-04 10:54:32,520 - DEBUG - Episode 35 | Env 8 | Opponent: training_dummy | Reward: -224.8 | Length: 1000 ticks
2025-11-04 10:54:32,520 - DEBUG -   Final HP: Fighter=93.7, Opponent=93.7
2025-11-04 10:54:32,520 - DEBUG -   Damage: Dealt=0.0, Taken=0.0
2025-11-04 10:54:32,520 - DEBUG -   Result: LOSS
2025-11-04 10:54:32,520 - DEBUG - Episode 36 | Env 10 | Opponent: training_dummy | Reward: -224.8 | Length: 1000 ticks
2025-11-04 10:54:32,520 - DEBUG -   Final HP: Fighter=93.7, Opponent=93.7
2025-11-04 10:54:32,520 - DEBUG -   Damage: Dealt=0.0, Taken=0.0
2025-11-04 10:54:32,520 - DEBUG -   Result: LOSS
2025-11-04 10:54:32,520 - DEBUG - Episode 37 | Env 11 | Opponent: training_dummy | Reward: -224.8 | Length: 1000 ticks
2025-11-04 10:54:32,520 - DEBUG -   Final HP: Fighter=93.7, Opponent=93.7
2025-11-04 10:54:32,520 - DEBUG -   Damage: Dealt=0.0, Taken=0.0
2025-11-04 10:54:32,520 - DEBUG -   Result: LOSS
2025-11-04 10:54:33,147 - DEBUG - Episode 38 | Env 0 | Opponent: training_dummy | Reward: -224.8 | Length: 1000 ticks
2025-11-04 10:54:33,148 - DEBUG -   Final HP: Fighter=93.7, Opponent=93.7
2025-11-04 10:54:33,148 - DEBUG -   Damage: Dealt=0.0, Taken=0.0
2025-11-04 10:54:33,148 - DEBUG -   Result: LOSS
2025-11-04 10:54:40,288 - DEBUG - Episode 39 | Env 9 | Opponent: training_dummy | Reward: -224.8 | Length: 1000 ticks
2025-11-04 10:54:40,288 - DEBUG -   Final HP: Fighter=93.7, Opponent=93.7
2025-11-04 10:54:40,288 - DEBUG -   Damage: Dealt=0.0, Taken=0.0
2025-11-04 10:54:40,288 - DEBUG -   Result: LOSS
2025-11-04 10:54:40,352 - DEBUG - Episode 40 | Env 1 | Opponent: training_dummy | Reward: -224.8 | Length: 1000 ticks
2025-11-04 10:54:40,352 - DEBUG -   Final HP: Fighter=93.7, Opponent=93.7
2025-11-04 10:54:40,352 - DEBUG -   Damage: Dealt=0.0, Taken=0.0
2025-11-04 10:54:40,352 - DEBUG -   Result: LOSS
2025-11-04 10:54:40,352 - DEBUG - Episode 41 | Env 2 | Opponent: training_dummy | Reward: -224.8 | Length: 1000 ticks
2025-11-04 10:54:40,352 - DEBUG -   Final HP: Fighter=93.7, Opponent=93.7
2025-11-04 10:54:40,352 - DEBUG -   Damage: Dealt=0.0, Taken=0.0
2025-11-04 10:54:40,352 - DEBUG -   Result: LOSS
2025-11-04 10:54:40,352 - DEBUG - Episode 42 | Env 3 | Opponent: training_dummy | Reward: -224.8 | Length: 1000 ticks
2025-11-04 10:54:40,352 - DEBUG -   Final HP: Fighter=93.7, Opponent=93.7
2025-11-04 10:54:40,352 - DEBUG -   Damage: Dealt=0.0, Taken=0.0
2025-11-04 10:54:40,352 - DEBUG -   Result: LOSS
2025-11-04 10:54:40,352 - DEBUG - Episode 43 | Env 4 | Opponent: training_dummy | Reward: -224.8 | Length: 1000 ticks
2025-11-04 10:54:40,352 - DEBUG -   Final HP: Fighter=93.7, Opponent=93.7
2025-11-04 10:54:40,352 - DEBUG -   Damage: Dealt=0.0, Taken=0.0
2025-11-04 10:54:40,352 - DEBUG -   Result: LOSS
2025-11-04 10:54:40,352 - DEBUG - Episode 44 | Env 5 | Opponent: training_dummy | Reward: -224.8 | Length: 1000 ticks
2025-11-04 10:54:40,352 - DEBUG -   Final HP: Fighter=93.7, Opponent=93.7
2025-11-04 10:54:40,352 - DEBUG -   Damage: Dealt=0.0, Taken=0.0
2025-11-04 10:54:40,352 - DEBUG -   Result: LOSS
2025-11-04 10:54:40,352 - DEBUG - Episode 45 | Env 6 | Opponent: training_dummy | Reward: -224.8 | Length: 1000 ticks
2025-11-04 10:54:40,352 - DEBUG -   Final HP: Fighter=93.7, Opponent=93.7
2025-11-04 10:54:40,352 - DEBUG -   Damage: Dealt=0.0, Taken=0.0
2025-11-04 10:54:40,352 - DEBUG -   Result: LOSS
2025-11-04 10:54:40,352 - DEBUG - Episode 46 | Env 7 | Opponent: training_dummy | Reward: -224.8 | Length: 1000 ticks
2025-11-04 10:54:40,352 - DEBUG -   Final HP: Fighter=93.7, Opponent=93.7
2025-11-04 10:54:40,352 - DEBUG -   Damage: Dealt=0.0, Taken=0.0
2025-11-04 10:54:40,352 - DEBUG -   Result: LOSS
2025-11-04 10:54:40,352 - DEBUG - Episode 47 | Env 8 | Opponent: training_dummy | Reward: -224.8 | Length: 1000 ticks
2025-11-04 10:54:40,352 - DEBUG -   Final HP: Fighter=93.7, Opponent=93.7
2025-11-04 10:54:40,352 - DEBUG -   Damage: Dealt=0.0, Taken=0.0
2025-11-04 10:54:40,352 - DEBUG -   Result: LOSS
2025-11-04 10:54:40,352 - DEBUG - Episode 48 | Env 10 | Opponent: training_dummy | Reward: -224.8 | Length: 1000 ticks
2025-11-04 10:54:40,352 - DEBUG -   Final HP: Fighter=93.7, Opponent=93.7
2025-11-04 10:54:40,352 - DEBUG -   Damage: Dealt=0.0, Taken=0.0
2025-11-04 10:54:40,352 - DEBUG -   Result: LOSS
2025-11-04 10:54:40,352 - DEBUG - Episode 49 | Env 11 | Opponent: training_dummy | Reward: -224.8 | Length: 1000 ticks
2025-11-04 10:54:40,352 - DEBUG -   Final HP: Fighter=93.7, Opponent=93.7
2025-11-04 10:54:40,352 - DEBUG -   Damage: Dealt=0.0, Taken=0.0
2025-11-04 10:54:40,352 - DEBUG -   Result: LOSS
2025-11-04 10:54:41,586 - DEBUG - Episode 50 | Env 0 | Opponent: training_dummy | Reward: -224.8 | Length: 1000 ticks
2025-11-04 10:54:41,586 - DEBUG -   Final HP: Fighter=93.7, Opponent=93.7
2025-11-04 10:54:41,586 - DEBUG -   Damage: Dealt=0.0, Taken=0.0
2025-11-04 10:54:41,586 - DEBUG -   Result: LOSS
2025-11-04 10:54:47,174 - DEBUG - Episode 51 | Env 9 | Opponent: training_dummy | Reward: -224.8 | Length: 1000 ticks
2025-11-04 10:54:47,175 - DEBUG -   Final HP: Fighter=93.7, Opponent=93.7
2025-11-04 10:54:47,175 - DEBUG -   Damage: Dealt=0.0, Taken=0.0
2025-11-04 10:54:47,175 - DEBUG -   Result: LOSS
2025-11-04 10:54:47,275 - DEBUG - Episode 52 | Env 1 | Opponent: training_dummy | Reward: -224.8 | Length: 1000 ticks
2025-11-04 10:54:47,275 - DEBUG -   Final HP: Fighter=93.7, Opponent=93.7
2025-11-04 10:54:47,275 - DEBUG -   Damage: Dealt=0.0, Taken=0.0
2025-11-04 10:54:47,275 - DEBUG -   Result: LOSS
2025-11-04 10:54:47,275 - DEBUG - Episode 53 | Env 2 | Opponent: training_dummy | Reward: -224.8 | Length: 1000 ticks
2025-11-04 10:54:47,275 - DEBUG -   Final HP: Fighter=93.7, Opponent=93.7
2025-11-04 10:54:47,275 - DEBUG -   Damage: Dealt=0.0, Taken=0.0
2025-11-04 10:54:47,275 - DEBUG -   Result: LOSS
2025-11-04 10:54:47,275 - DEBUG - Episode 54 | Env 3 | Opponent: training_dummy | Reward: -224.8 | Length: 1000 ticks
2025-11-04 10:54:47,275 - DEBUG -   Final HP: Fighter=93.7, Opponent=93.7
2025-11-04 10:54:47,275 - DEBUG -   Damage: Dealt=0.0, Taken=0.0
2025-11-04 10:54:47,275 - DEBUG -   Result: LOSS
2025-11-04 10:54:47,275 - DEBUG - Episode 55 | Env 4 | Opponent: training_dummy | Reward: -224.8 | Length: 1000 ticks
2025-11-04 10:54:47,275 - DEBUG -   Final HP: Fighter=93.7, Opponent=93.7
2025-11-04 10:54:47,275 - DEBUG -   Damage: Dealt=0.0, Taken=0.0
2025-11-04 10:54:47,275 - DEBUG -   Result: LOSS
2025-11-04 10:54:47,276 - DEBUG - Episode 56 | Env 5 | Opponent: training_dummy | Reward: -224.8 | Length: 1000 ticks
2025-11-04 10:54:47,276 - DEBUG -   Final HP: Fighter=93.7, Opponent=93.7
2025-11-04 10:54:47,276 - DEBUG -   Damage: Dealt=0.0, Taken=0.0
2025-11-04 10:54:47,276 - DEBUG -   Result: LOSS
2025-11-04 10:54:47,276 - DEBUG - Episode 57 | Env 6 | Opponent: training_dummy | Reward: -224.8 | Length: 1000 ticks
2025-11-04 10:54:47,276 - DEBUG -   Final HP: Fighter=93.7, Opponent=93.7
2025-11-04 10:54:47,276 - DEBUG -   Damage: Dealt=0.0, Taken=0.0
2025-11-04 10:54:47,276 - DEBUG -   Result: LOSS
2025-11-04 10:54:47,276 - DEBUG - Episode 58 | Env 7 | Opponent: training_dummy | Reward: -224.8 | Length: 1000 ticks
2025-11-04 10:54:47,276 - DEBUG -   Final HP: Fighter=93.7, Opponent=93.7
2025-11-04 10:54:47,276 - DEBUG -   Damage: Dealt=0.0, Taken=0.0
2025-11-04 10:54:47,276 - DEBUG -   Result: LOSS
2025-11-04 10:54:47,276 - DEBUG - Episode 59 | Env 8 | Opponent: training_dummy | Reward: -224.8 | Length: 1000 ticks
2025-11-04 10:54:47,276 - DEBUG -   Final HP: Fighter=93.7, Opponent=93.7
2025-11-04 10:54:47,276 - DEBUG -   Damage: Dealt=0.0, Taken=0.0
2025-11-04 10:54:47,276 - DEBUG -   Result: LOSS
2025-11-04 10:54:47,276 - DEBUG - Episode 60 | Env 10 | Opponent: training_dummy | Reward: -224.8 | Length: 1000 ticks
2025-11-04 10:54:47,276 - DEBUG -   Final HP: Fighter=93.7, Opponent=93.7
2025-11-04 10:54:47,276 - DEBUG -   Damage: Dealt=0.0, Taken=0.0
2025-11-04 10:54:47,276 - DEBUG -   Result: LOSS
2025-11-04 10:54:47,276 - DEBUG - Episode 61 | Env 11 | Opponent: training_dummy | Reward: -224.8 | Length: 1000 ticks
2025-11-04 10:54:47,276 - DEBUG -   Final HP: Fighter=93.7, Opponent=93.7
2025-11-04 10:54:47,276 - DEBUG -   Damage: Dealt=0.0, Taken=0.0
2025-11-04 10:54:47,276 - DEBUG -   Result: LOSS
2025-11-04 10:54:48,138 - DEBUG - Episode 62 | Env 0 | Opponent: training_dummy | Reward: -224.8 | Length: 1000 ticks
2025-11-04 10:54:48,138 - DEBUG -   Final HP: Fighter=93.7, Opponent=93.7
2025-11-04 10:54:48,138 - DEBUG -   Damage: Dealt=0.0, Taken=0.0
2025-11-04 10:54:48,138 - DEBUG -   Result: LOSS
2025-11-04 10:54:52,323 - DEBUG - Episode 63 | Env 9 | Opponent: training_dummy | Reward: -224.8 | Length: 1000 ticks
2025-11-04 10:54:52,323 - DEBUG -   Final HP: Fighter=93.7, Opponent=93.7
2025-11-04 10:54:52,323 - DEBUG -   Damage: Dealt=0.0, Taken=0.0
2025-11-04 10:54:52,323 - DEBUG -   Result: LOSS
2025-11-04 10:54:53,407 - DEBUG - Episode 64 | Env 1 | Opponent: training_dummy | Reward: -224.8 | Length: 1000 ticks
2025-11-04 10:54:53,407 - DEBUG -   Final HP: Fighter=93.7, Opponent=93.7
2025-11-04 10:54:53,407 - DEBUG -   Damage: Dealt=0.0, Taken=0.0
2025-11-04 10:54:53,407 - DEBUG -   Result: LOSS
2025-11-04 10:54:53,407 - DEBUG - Episode 65 | Env 2 | Opponent: training_dummy | Reward: -224.8 | Length: 1000 ticks
2025-11-04 10:54:53,407 - DEBUG -   Final HP: Fighter=93.7, Opponent=93.7
2025-11-04 10:54:53,407 - DEBUG -   Damage: Dealt=0.0, Taken=0.0
2025-11-04 10:54:53,407 - DEBUG -   Result: LOSS
2025-11-04 10:54:53,407 - DEBUG - Episode 66 | Env 3 | Opponent: training_dummy | Reward: -224.8 | Length: 1000 ticks
2025-11-04 10:54:53,407 - DEBUG -   Final HP: Fighter=93.7, Opponent=93.7
2025-11-04 10:54:53,407 - DEBUG -   Damage: Dealt=0.0, Taken=0.0
2025-11-04 10:54:53,407 - DEBUG -   Result: LOSS
2025-11-04 10:54:53,407 - DEBUG - Episode 67 | Env 4 | Opponent: training_dummy | Reward: -224.8 | Length: 1000 ticks
2025-11-04 10:54:53,407 - DEBUG -   Final HP: Fighter=93.7, Opponent=93.7
2025-11-04 10:54:53,407 - DEBUG -   Damage: Dealt=0.0, Taken=0.0
2025-11-04 10:54:53,407 - DEBUG -   Result: LOSS
2025-11-04 10:54:53,407 - DEBUG - Episode 68 | Env 5 | Opponent: training_dummy | Reward: -224.8 | Length: 1000 ticks
2025-11-04 10:54:53,407 - DEBUG -   Final HP: Fighter=93.7, Opponent=93.7
2025-11-04 10:54:53,407 - DEBUG -   Damage: Dealt=0.0, Taken=0.0
2025-11-04 10:54:53,407 - DEBUG -   Result: LOSS
2025-11-04 10:54:53,407 - DEBUG - Episode 69 | Env 6 | Opponent: training_dummy | Reward: -224.8 | Length: 1000 ticks
2025-11-04 10:54:53,407 - DEBUG -   Final HP: Fighter=93.7, Opponent=93.7
2025-11-04 10:54:53,407 - DEBUG -   Damage: Dealt=0.0, Taken=0.0
2025-11-04 10:54:53,407 - DEBUG -   Result: LOSS
2025-11-04 10:54:53,407 - DEBUG - Episode 70 | Env 7 | Opponent: training_dummy | Reward: -224.8 | Length: 1000 ticks
2025-11-04 10:54:53,407 - DEBUG -   Final HP: Fighter=93.7, Opponent=93.7
2025-11-04 10:54:53,407 - DEBUG -   Damage: Dealt=0.0, Taken=0.0
2025-11-04 10:54:53,407 - DEBUG -   Result: LOSS
2025-11-04 10:54:53,407 - DEBUG - Episode 71 | Env 8 | Opponent: training_dummy | Reward: -224.8 | Length: 1000 ticks
2025-11-04 10:54:53,407 - DEBUG -   Final HP: Fighter=93.7, Opponent=93.7
2025-11-04 10:54:53,407 - DEBUG -   Damage: Dealt=0.0, Taken=0.0
2025-11-04 10:54:53,407 - DEBUG -   Result: LOSS
2025-11-04 10:54:53,407 - DEBUG - Episode 72 | Env 10 | Opponent: training_dummy | Reward: -224.8 | Length: 1000 ticks
2025-11-04 10:54:53,407 - DEBUG -   Final HP: Fighter=93.7, Opponent=93.7
2025-11-04 10:54:53,407 - DEBUG -   Damage: Dealt=0.0, Taken=0.0
2025-11-04 10:54:53,407 - DEBUG -   Result: LOSS
2025-11-04 10:54:53,407 - DEBUG - Episode 73 | Env 11 | Opponent: training_dummy | Reward: -224.8 | Length: 1000 ticks
2025-11-04 10:54:53,407 - DEBUG -   Final HP: Fighter=93.7, Opponent=93.7
2025-11-04 10:54:53,407 - DEBUG -   Damage: Dealt=0.0, Taken=0.0
2025-11-04 10:54:53,407 - DEBUG -   Result: LOSS
2025-11-04 10:54:53,551 - DEBUG - Episode 74 | Env 0 | Opponent: training_dummy | Reward: -224.8 | Length: 1000 ticks
2025-11-04 10:54:53,551 - DEBUG -   Final HP: Fighter=93.7, Opponent=93.7
2025-11-04 10:54:53,551 - DEBUG -   Damage: Dealt=0.0, Taken=0.0
2025-11-04 10:54:53,551 - DEBUG -   Result: LOSS
2025-11-04 10:55:00,703 - DEBUG - Episode 75 | Env 9 | Opponent: training_dummy | Reward: -224.8 | Length: 1000 ticks
2025-11-04 10:55:00,703 - DEBUG -   Final HP: Fighter=93.7, Opponent=93.7
2025-11-04 10:55:00,704 - DEBUG -   Damage: Dealt=0.0, Taken=0.0
2025-11-04 10:55:00,704 - DEBUG -   Result: LOSS
2025-11-04 10:55:02,050 - DEBUG - Episode 76 | Env 1 | Opponent: training_dummy | Reward: -224.8 | Length: 1000 ticks
2025-11-04 10:55:02,051 - DEBUG -   Final HP: Fighter=93.7, Opponent=93.7
2025-11-04 10:55:02,051 - DEBUG -   Damage: Dealt=0.0, Taken=0.0
2025-11-04 10:55:02,051 - DEBUG -   Result: LOSS
2025-11-04 10:55:02,051 - DEBUG - Episode 77 | Env 2 | Opponent: training_dummy | Reward: -224.8 | Length: 1000 ticks
2025-11-04 10:55:02,051 - DEBUG -   Final HP: Fighter=93.7, Opponent=93.7
2025-11-04 10:55:02,051 - DEBUG -   Damage: Dealt=0.0, Taken=0.0
2025-11-04 10:55:02,051 - DEBUG -   Result: LOSS
2025-11-04 10:55:02,051 - DEBUG - Episode 78 | Env 3 | Opponent: training_dummy | Reward: -224.8 | Length: 1000 ticks
2025-11-04 10:55:02,051 - DEBUG -   Final HP: Fighter=93.7, Opponent=93.7
2025-11-04 10:55:02,051 - DEBUG -   Damage: Dealt=0.0, Taken=0.0
2025-11-04 10:55:02,051 - DEBUG -   Result: LOSS
2025-11-04 10:55:02,051 - DEBUG - Episode 79 | Env 4 | Opponent: training_dummy | Reward: -224.8 | Length: 1000 ticks
2025-11-04 10:55:02,051 - DEBUG -   Final HP: Fighter=93.7, Opponent=93.7
2025-11-04 10:55:02,051 - DEBUG -   Damage: Dealt=0.0, Taken=0.0
2025-11-04 10:55:02,051 - DEBUG -   Result: LOSS
2025-11-04 10:55:02,051 - DEBUG - Episode 80 | Env 5 | Opponent: training_dummy | Reward: -224.8 | Length: 1000 ticks
2025-11-04 10:55:02,051 - DEBUG -   Final HP: Fighter=93.7, Opponent=93.7
2025-11-04 10:55:02,051 - DEBUG -   Damage: Dealt=0.0, Taken=0.0
2025-11-04 10:55:02,051 - DEBUG -   Result: LOSS
2025-11-04 10:55:02,051 - DEBUG - Episode 81 | Env 6 | Opponent: training_dummy | Reward: -224.8 | Length: 1000 ticks
2025-11-04 10:55:02,051 - DEBUG -   Final HP: Fighter=93.7, Opponent=93.7
2025-11-04 10:55:02,051 - DEBUG -   Damage: Dealt=0.0, Taken=0.0
2025-11-04 10:55:02,051 - DEBUG -   Result: LOSS
2025-11-04 10:55:02,051 - DEBUG - Episode 82 | Env 7 | Opponent: training_dummy | Reward: -224.8 | Length: 1000 ticks
2025-11-04 10:55:02,051 - DEBUG -   Final HP: Fighter=93.7, Opponent=93.7
2025-11-04 10:55:02,051 - DEBUG -   Damage: Dealt=0.0, Taken=0.0
2025-11-04 10:55:02,051 - DEBUG -   Result: LOSS
2025-11-04 10:55:02,051 - DEBUG - Episode 83 | Env 8 | Opponent: training_dummy | Reward: -224.8 | Length: 1000 ticks
2025-11-04 10:55:02,051 - DEBUG -   Final HP: Fighter=93.7, Opponent=93.7
2025-11-04 10:55:02,051 - DEBUG -   Damage: Dealt=0.0, Taken=0.0
2025-11-04 10:55:02,051 - DEBUG -   Result: LOSS
2025-11-04 10:55:02,051 - DEBUG - Episode 84 | Env 10 | Opponent: training_dummy | Reward: -224.8 | Length: 1000 ticks
2025-11-04 10:55:02,051 - DEBUG -   Final HP: Fighter=93.7, Opponent=93.7
2025-11-04 10:55:02,051 - DEBUG -   Damage: Dealt=0.0, Taken=0.0
2025-11-04 10:55:02,051 - DEBUG -   Result: LOSS
2025-11-04 10:55:02,051 - DEBUG - Episode 85 | Env 11 | Opponent: training_dummy | Reward: -224.8 | Length: 1000 ticks
2025-11-04 10:55:02,051 - DEBUG -   Final HP: Fighter=93.7, Opponent=93.7
2025-11-04 10:55:02,051 - DEBUG -   Damage: Dealt=0.0, Taken=0.0
2025-11-04 10:55:02,051 - DEBUG -   Result: LOSS
2025-11-04 10:55:02,231 - DEBUG - Episode 86 | Env 0 | Opponent: training_dummy | Reward: -224.8 | Length: 1000 ticks
2025-11-04 10:55:02,232 - DEBUG -   Final HP: Fighter=93.7, Opponent=93.7
2025-11-04 10:55:02,232 - DEBUG -   Damage: Dealt=0.0, Taken=0.0
2025-11-04 10:55:02,232 - DEBUG -   Result: LOSS
2025-11-04 10:55:10,839 - DEBUG - Episode 87 | Env 1 | Opponent: training_dummy | Reward: -573.3 | Length: 863 ticks
2025-11-04 10:55:10,839 - DEBUG -   Final HP: Fighter=0.0, Opponent=68.1
2025-11-04 10:55:10,839 - DEBUG -   Damage: Dealt=25.6, Taken=93.7
2025-11-04 10:55:10,839 - DEBUG -   Result: LOSS
2025-11-04 10:55:11,029 - DEBUG - Episode 88 | Env 9 | Opponent: training_dummy | Reward: -224.8 | Length: 1000 ticks
2025-11-04 10:55:11,029 - DEBUG -   Final HP: Fighter=93.7, Opponent=93.7
2025-11-04 10:55:11,029 - DEBUG -   Damage: Dealt=0.0, Taken=0.0
2025-11-04 10:55:11,029 - DEBUG -   Result: LOSS
2025-11-04 10:55:12,508 - DEBUG - Episode 89 | Env 2 | Opponent: training_dummy | Reward: -224.8 | Length: 1000 ticks
2025-11-04 10:55:12,508 - DEBUG -   Final HP: Fighter=93.7, Opponent=93.7
2025-11-04 10:55:12,508 - DEBUG -   Damage: Dealt=0.0, Taken=0.0
2025-11-04 10:55:12,508 - DEBUG -   Result: LOSS
2025-11-04 10:55:12,508 - DEBUG - Episode 90 | Env 3 | Opponent: training_dummy | Reward: -323.1 | Length: 1000 ticks
2025-11-04 10:55:12,508 - DEBUG -   Final HP: Fighter=59.6, Opponent=72.0
2025-11-04 10:55:12,508 - DEBUG -   Damage: Dealt=21.7, Taken=34.1
2025-11-04 10:55:12,508 - DEBUG -   Result: LOSS
2025-11-04 10:55:12,508 - DEBUG - Episode 91 | Env 4 | Opponent: training_dummy | Reward: -323.1 | Length: 1000 ticks
2025-11-04 10:55:12,508 - DEBUG -   Final HP: Fighter=69.8, Opponent=82.2
2025-11-04 10:55:12,508 - DEBUG -   Damage: Dealt=11.5, Taken=23.9
2025-11-04 10:55:12,508 - DEBUG -   Result: LOSS
2025-11-04 10:55:12,508 - DEBUG - Episode 92 | Env 5 | Opponent: training_dummy | Reward: -224.8 | Length: 1000 ticks
2025-11-04 10:55:12,508 - DEBUG -   Final HP: Fighter=93.7, Opponent=93.7
2025-11-04 10:55:12,508 - DEBUG -   Damage: Dealt=0.0, Taken=0.0
2025-11-04 10:55:12,508 - DEBUG -   Result: LOSS
2025-11-04 10:55:12,508 - DEBUG - Episode 93 | Env 6 | Opponent: training_dummy | Reward: -224.8 | Length: 1000 ticks
2025-11-04 10:55:12,508 - DEBUG -   Final HP: Fighter=93.7, Opponent=93.7
2025-11-04 10:55:12,508 - DEBUG -   Damage: Dealt=0.0, Taken=0.0
2025-11-04 10:55:12,508 - DEBUG -   Result: LOSS
2025-11-04 10:55:12,509 - DEBUG - Episode 94 | Env 7 | Opponent: training_dummy | Reward: -224.8 | Length: 1000 ticks
2025-11-04 10:55:12,509 - DEBUG -   Final HP: Fighter=93.7, Opponent=93.7
2025-11-04 10:55:12,509 - DEBUG -   Damage: Dealt=0.0, Taken=0.0
2025-11-04 10:55:12,509 - DEBUG -   Result: LOSS
2025-11-04 10:55:12,509 - DEBUG - Episode 95 | Env 8 | Opponent: training_dummy | Reward: -224.8 | Length: 1000 ticks
2025-11-04 10:55:12,509 - DEBUG -   Final HP: Fighter=93.7, Opponent=93.7
2025-11-04 10:55:12,509 - DEBUG -   Damage: Dealt=0.0, Taken=0.0
2025-11-04 10:55:12,509 - DEBUG -   Result: LOSS
2025-11-04 10:55:12,509 - DEBUG - Episode 96 | Env 10 | Opponent: training_dummy | Reward: -338.7 | Length: 1000 ticks
2025-11-04 10:55:12,509 - DEBUG -   Final HP: Fighter=66.4, Opponent=86.4
2025-11-04 10:55:12,509 - DEBUG -   Damage: Dealt=7.3, Taken=27.3
2025-11-04 10:55:12,509 - DEBUG -   Result: LOSS
2025-11-04 10:55:12,509 - DEBUG - Episode 97 | Env 11 | Opponent: training_dummy | Reward: -224.8 | Length: 1000 ticks
2025-11-04 10:55:12,509 - DEBUG -   Final HP: Fighter=93.7, Opponent=93.7
2025-11-04 10:55:12,509 - DEBUG -   Damage: Dealt=0.0, Taken=0.0
2025-11-04 10:55:12,509 - DEBUG -   Result: LOSS
2025-11-04 10:55:12,795 - DEBUG - Episode 98 | Env 0 | Opponent: training_dummy | Reward: -224.8 | Length: 1000 ticks
2025-11-04 10:55:12,796 - DEBUG -   Final HP: Fighter=93.7, Opponent=93.7
2025-11-04 10:55:12,796 - DEBUG -   Damage: Dealt=0.0, Taken=0.0
2025-11-04 10:55:12,796 - DEBUG -   Result: LOSS
2025-11-04 10:55:20,101 - DEBUG - Episode 99 | Env 1 | Opponent: training_dummy | Reward: -323.9 | Length: 1000 ticks
2025-11-04 10:55:20,101 - DEBUG -   Final HP: Fighter=61.0, Opponent=73.8
2025-11-04 10:55:20,102 - DEBUG -   Damage: Dealt=19.9, Taken=32.7
2025-11-04 10:55:20,102 - DEBUG -   Result: LOSS
2025-11-04 10:55:20,259 - DEBUG - Episode 100 | Env 9 | Opponent: training_dummy | Reward: -423.1 | Length: 1000 ticks
2025-11-04 10:55:20,260 - DEBUG -   Final HP: Fighter=4.9, Opponent=71.5
2025-11-04 10:55:20,260 - DEBUG -   Damage: Dealt=22.2, Taken=88.8
2025-11-04 10:55:20,260 - DEBUG -   Result: LOSS
2025-11-04 10:55:20,400 - DEBUG - Episode 101 | Env 2 | Opponent: training_dummy | Reward: -338.9 | Length: 1000 ticks
2025-11-04 10:55:20,401 - DEBUG -   Final HP: Fighter=60.4, Opponent=80.5
2025-11-04 10:55:20,401 - DEBUG -   Damage: Dealt=13.2, Taken=33.3
2025-11-04 10:55:20,401 - DEBUG -   Result: LOSS
2025-11-04 10:55:20,401 - DEBUG - Episode 102 | Env 3 | Opponent: training_dummy | Reward: -312.6 | Length: 1000 ticks
2025-11-04 10:55:20,401 - DEBUG -   Final HP: Fighter=66.6, Opponent=73.6
2025-11-04 10:55:20,401 - DEBUG -   Damage: Dealt=20.1, Taken=27.1
2025-11-04 10:55:20,401 - DEBUG -   Result: LOSS
2025-11-04 10:55:20,401 - DEBUG - Episode 103 | Env 4 | Opponent: training_dummy | Reward: -319.8 | Length: 1000 ticks
2025-11-04 10:55:20,401 - DEBUG -   Final HP: Fighter=62.3, Opponent=72.9
2025-11-04 10:55:20,401 - DEBUG -   Damage: Dealt=20.8, Taken=31.4
2025-11-04 10:55:20,401 - DEBUG -   Result: LOSS
2025-11-04 10:55:20,401 - DEBUG - Episode 104 | Env 5 | Opponent: training_dummy | Reward: -323.0 | Length: 1000 ticks
2025-11-04 10:55:20,401 - DEBUG -   Final HP: Fighter=66.4, Opponent=78.5
2025-11-04 10:55:20,401 - DEBUG -   Damage: Dealt=15.2, Taken=27.3
2025-11-04 10:55:20,401 - DEBUG -   Result: LOSS
2025-11-04 10:55:20,401 - DEBUG - Episode 105 | Env 6 | Opponent: training_dummy | Reward: -324.8 | Length: 1000 ticks
2025-11-04 10:55:20,401 - DEBUG -   Final HP: Fighter=66.6, Opponent=79.7
2025-11-04 10:55:20,401 - DEBUG -   Damage: Dealt=14.0, Taken=27.1
2025-11-04 10:55:20,401 - DEBUG -   Result: LOSS
2025-11-04 10:55:20,401 - DEBUG - Episode 106 | Env 7 | Opponent: training_dummy | Reward: -309.7 | Length: 1000 ticks
2025-11-04 10:55:20,401 - DEBUG -   Final HP: Fighter=71.6, Opponent=77.0
2025-11-04 10:55:20,402 - DEBUG -   Damage: Dealt=16.7, Taken=22.1
2025-11-04 10:55:20,402 - DEBUG -   Result: LOSS
2025-11-04 10:55:20,402 - DEBUG - Episode 107 | Env 8 | Opponent: training_dummy | Reward: -339.2 | Length: 1000 ticks
2025-11-04 10:55:20,402 - DEBUG -   Final HP: Fighter=63.1, Opponent=83.4
2025-11-04 10:55:20,402 - DEBUG -   Damage: Dealt=10.3, Taken=30.6
2025-11-04 10:55:20,402 - DEBUG -   Result: LOSS
2025-11-04 10:55:20,402 - DEBUG - Episode 108 | Env 10 | Opponent: training_dummy | Reward: -333.5 | Length: 1000 ticks
2025-11-04 10:55:20,402 - DEBUG -   Final HP: Fighter=59.3, Opponent=77.0
2025-11-04 10:55:20,402 - DEBUG -   Damage: Dealt=16.7, Taken=34.4
2025-11-04 10:55:20,402 - DEBUG -   Result: LOSS
2025-11-04 10:55:20,402 - DEBUG - Episode 109 | Env 11 | Opponent: training_dummy | Reward: -224.8 | Length: 1000 ticks
2025-11-04 10:55:20,402 - DEBUG -   Final HP: Fighter=93.7, Opponent=93.7
2025-11-04 10:55:20,402 - DEBUG -   Damage: Dealt=0.0, Taken=0.0
2025-11-04 10:55:20,402 - DEBUG -   Result: LOSS
2025-11-04 10:55:22,286 - DEBUG - Episode 110 | Env 0 | Opponent: training_dummy | Reward: -312.6 | Length: 1000 ticks
2025-11-04 10:55:22,286 - DEBUG -   Final HP: Fighter=73.2, Opponent=80.2
2025-11-04 10:55:22,286 - DEBUG -   Damage: Dealt=13.5, Taken=20.5
2025-11-04 10:55:22,286 - DEBUG -   Result: LOSS
2025-11-04 10:55:23,652 - DEBUG - Episode 111 | Env 6 | Opponent: training_dummy | Reward: -467.2 | Length: 314 ticks
2025-11-04 10:55:23,652 - DEBUG -   Final HP: Fighter=0.0, Opponent=70.0
2025-11-04 10:55:23,652 - DEBUG -   Damage: Dealt=23.7, Taken=93.7
2025-11-04 10:55:23,652 - DEBUG -   Result: LOSS
2025-11-04 10:55:29,989 - DEBUG - Episode 112 | Env 1 | Opponent: training_dummy | Reward: -224.8 | Length: 1000 ticks
2025-11-04 10:55:29,990 - DEBUG -   Final HP: Fighter=93.7, Opponent=93.7
2025-11-04 10:55:29,990 - DEBUG -   Damage: Dealt=0.0, Taken=0.0
2025-11-04 10:55:29,990 - DEBUG -   Result: LOSS
2025-11-04 10:55:30,143 - DEBUG - Episode 113 | Env 9 | Opponent: training_dummy | Reward: -224.8 | Length: 1000 ticks
2025-11-04 10:55:30,144 - DEBUG -   Final HP: Fighter=93.7, Opponent=93.7
2025-11-04 10:55:30,144 - DEBUG -   Damage: Dealt=0.0, Taken=0.0
2025-11-04 10:55:30,144 - DEBUG -   Result: LOSS
2025-11-04 10:55:30,253 - DEBUG - Episode 114 | Env 2 | Opponent: training_dummy | Reward: -224.8 | Length: 1000 ticks
2025-11-04 10:55:30,253 - DEBUG -   Final HP: Fighter=93.7, Opponent=93.7
2025-11-04 10:55:30,253 - DEBUG -   Damage: Dealt=0.0, Taken=0.0
2025-11-04 10:55:30,253 - DEBUG -   Result: LOSS
2025-11-04 10:55:30,253 - DEBUG - Episode 115 | Env 3 | Opponent: training_dummy | Reward: -224.8 | Length: 1000 ticks
2025-11-04 10:55:30,254 - DEBUG -   Final HP: Fighter=93.7, Opponent=93.7
2025-11-04 10:55:30,254 - DEBUG -   Damage: Dealt=0.0, Taken=0.0
2025-11-04 10:55:30,254 - DEBUG -   Result: LOSS
2025-11-04 10:55:30,254 - DEBUG - Episode 116 | Env 4 | Opponent: training_dummy | Reward: -224.8 | Length: 1000 ticks
2025-11-04 10:55:30,254 - DEBUG -   Final HP: Fighter=93.7, Opponent=93.7
2025-11-04 10:55:30,254 - DEBUG -   Damage: Dealt=0.0, Taken=0.0
2025-11-04 10:55:30,254 - DEBUG -   Result: LOSS
2025-11-04 10:55:30,254 - DEBUG - Episode 117 | Env 5 | Opponent: training_dummy | Reward: -224.8 | Length: 1000 ticks
2025-11-04 10:55:30,254 - DEBUG -   Final HP: Fighter=93.7, Opponent=93.7
2025-11-04 10:55:30,254 - DEBUG -   Damage: Dealt=0.0, Taken=0.0
2025-11-04 10:55:30,254 - DEBUG -   Result: LOSS
2025-11-04 10:55:30,254 - DEBUG - Episode 118 | Env 7 | Opponent: training_dummy | Reward: -224.8 | Length: 1000 ticks
2025-11-04 10:55:30,254 - DEBUG -   Final HP: Fighter=93.7, Opponent=93.7
2025-11-04 10:55:30,254 - DEBUG -   Damage: Dealt=0.0, Taken=0.0
2025-11-04 10:55:30,254 - DEBUG -   Result: LOSS
2025-11-04 10:55:30,254 - DEBUG - Episode 119 | Env 8 | Opponent: training_dummy | Reward: -224.8 | Length: 1000 ticks
2025-11-04 10:55:30,254 - DEBUG -   Final HP: Fighter=93.7, Opponent=93.7
2025-11-04 10:55:30,254 - DEBUG -   Damage: Dealt=0.0, Taken=0.0
2025-11-04 10:55:30,254 - DEBUG -   Result: LOSS
2025-11-04 10:55:30,254 - DEBUG - Episode 120 | Env 10 | Opponent: training_dummy | Reward: -224.8 | Length: 1000 ticks
2025-11-04 10:55:30,254 - DEBUG -   Final HP: Fighter=93.7, Opponent=93.7
2025-11-04 10:55:30,254 - DEBUG -   Damage: Dealt=0.0, Taken=0.0
2025-11-04 10:55:30,254 - DEBUG -   Result: LOSS
2025-11-04 10:55:30,254 - DEBUG - Episode 121 | Env 11 | Opponent: training_dummy | Reward: -224.8 | Length: 1000 ticks
2025-11-04 10:55:30,254 - DEBUG -   Final HP: Fighter=93.7, Opponent=93.7
2025-11-04 10:55:30,254 - DEBUG -   Damage: Dealt=0.0, Taken=0.0
2025-11-04 10:55:30,254 - DEBUG -   Result: LOSS
2025-11-04 10:55:31,562 - DEBUG - Episode 122 | Env 0 | Opponent: training_dummy | Reward: -224.8 | Length: 1000 ticks
2025-11-04 10:55:31,562 - DEBUG -   Final HP: Fighter=93.7, Opponent=93.7
2025-11-04 10:55:31,562 - DEBUG -   Damage: Dealt=0.0, Taken=0.0
2025-11-04 10:55:31,562 - DEBUG -   Result: LOSS
2025-11-04 10:55:33,057 - DEBUG - Episode 123 | Env 6 | Opponent: training_dummy | Reward: -224.8 | Length: 1000 ticks
2025-11-04 10:55:33,057 - DEBUG -   Final HP: Fighter=93.7, Opponent=93.7
2025-11-04 10:55:33,057 - DEBUG -   Damage: Dealt=0.0, Taken=0.0
2025-11-04 10:55:33,057 - DEBUG -   Result: LOSS
2025-11-04 10:55:38,267 - DEBUG - Episode 124 | Env 1 | Opponent: training_dummy | Reward: -224.8 | Length: 1000 ticks
2025-11-04 10:55:38,268 - DEBUG -   Final HP: Fighter=93.7, Opponent=93.7
2025-11-04 10:55:38,268 - DEBUG -   Damage: Dealt=0.0, Taken=0.0
2025-11-04 10:55:38,268 - DEBUG -   Result: LOSS
2025-11-04 10:55:40,232 - DEBUG - Episode 125 | Env 9 | Opponent: training_dummy | Reward: -224.8 | Length: 1000 ticks
2025-11-04 10:55:40,233 - DEBUG -   Final HP: Fighter=93.7, Opponent=93.7
2025-11-04 10:55:40,233 - DEBUG -   Damage: Dealt=0.0, Taken=0.0
2025-11-04 10:55:40,233 - DEBUG -   Result: LOSS
2025-11-04 10:55:40,353 - DEBUG - Episode 126 | Env 2 | Opponent: training_dummy | Reward: -224.8 | Length: 1000 ticks
2025-11-04 10:55:40,353 - DEBUG -   Final HP: Fighter=93.7, Opponent=93.7
2025-11-04 10:55:40,353 - DEBUG -   Damage: Dealt=0.0, Taken=0.0
2025-11-04 10:55:40,353 - DEBUG -   Result: LOSS
2025-11-04 10:55:40,354 - DEBUG - Episode 127 | Env 3 | Opponent: training_dummy | Reward: -224.8 | Length: 1000 ticks
2025-11-04 10:55:40,354 - DEBUG -   Final HP: Fighter=93.7, Opponent=93.7
2025-11-04 10:55:40,354 - DEBUG -   Damage: Dealt=0.0, Taken=0.0
2025-11-04 10:55:40,354 - DEBUG -   Result: LOSS
2025-11-04 10:55:40,354 - DEBUG - Episode 128 | Env 4 | Opponent: training_dummy | Reward: -224.8 | Length: 1000 ticks
2025-11-04 10:55:40,354 - DEBUG -   Final HP: Fighter=93.7, Opponent=93.7
2025-11-04 10:55:40,354 - DEBUG -   Damage: Dealt=0.0, Taken=0.0
2025-11-04 10:55:40,354 - DEBUG -   Result: LOSS
2025-11-04 10:55:40,354 - DEBUG - Episode 129 | Env 5 | Opponent: training_dummy | Reward: -224.8 | Length: 1000 ticks
2025-11-04 10:55:40,354 - DEBUG -   Final HP: Fighter=93.7, Opponent=93.7
2025-11-04 10:55:40,354 - DEBUG -   Damage: Dealt=0.0, Taken=0.0
2025-11-04 10:55:40,354 - DEBUG -   Result: LOSS
2025-11-04 10:55:40,354 - DEBUG - Episode 130 | Env 7 | Opponent: training_dummy | Reward: -224.8 | Length: 1000 ticks
2025-11-04 10:55:40,354 - DEBUG -   Final HP: Fighter=93.7, Opponent=93.7
2025-11-04 10:55:40,354 - DEBUG -   Damage: Dealt=0.0, Taken=0.0
2025-11-04 10:55:40,354 - DEBUG -   Result: LOSS
2025-11-04 10:55:40,354 - DEBUG - Episode 131 | Env 8 | Opponent: training_dummy | Reward: -224.8 | Length: 1000 ticks
2025-11-04 10:55:40,354 - DEBUG -   Final HP: Fighter=93.7, Opponent=93.7
2025-11-04 10:55:40,354 - DEBUG -   Damage: Dealt=0.0, Taken=0.0
2025-11-04 10:55:40,354 - DEBUG -   Result: LOSS
2025-11-04 10:55:40,354 - DEBUG - Episode 132 | Env 10 | Opponent: training_dummy | Reward: -224.8 | Length: 1000 ticks
2025-11-04 10:55:40,354 - DEBUG -   Final HP: Fighter=93.7, Opponent=93.7
2025-11-04 10:55:40,354 - DEBUG -   Damage: Dealt=0.0, Taken=0.0
2025-11-04 10:55:40,354 - DEBUG -   Result: LOSS
2025-11-04 10:55:40,354 - DEBUG - Episode 133 | Env 11 | Opponent: training_dummy | Reward: -224.8 | Length: 1000 ticks
2025-11-04 10:55:40,354 - DEBUG -   Final HP: Fighter=93.7, Opponent=93.7
2025-11-04 10:55:40,354 - DEBUG -   Damage: Dealt=0.0, Taken=0.0
2025-11-04 10:55:40,354 - DEBUG -   Result: LOSS
2025-11-04 10:55:42,010 - DEBUG - Episode 134 | Env 0 | Opponent: training_dummy | Reward: -224.8 | Length: 1000 ticks
2025-11-04 10:55:42,011 - DEBUG -   Final HP: Fighter=93.7, Opponent=93.7
2025-11-04 10:55:42,011 - DEBUG -   Damage: Dealt=0.0, Taken=0.0
2025-11-04 10:55:42,011 - DEBUG -   Result: LOSS
2025-11-04 10:55:43,403 - DEBUG - Episode 135 | Env 6 | Opponent: training_dummy | Reward: -224.8 | Length: 1000 ticks
2025-11-04 10:55:43,403 - DEBUG -   Final HP: Fighter=93.7, Opponent=93.7
2025-11-04 10:55:43,403 - DEBUG -   Damage: Dealt=0.0, Taken=0.0
2025-11-04 10:55:43,403 - DEBUG -   Result: LOSS
2025-11-04 10:55:48,965 - DEBUG - Episode 136 | Env 1 | Opponent: training_dummy | Reward: -224.8 | Length: 1000 ticks
2025-11-04 10:55:48,965 - DEBUG -   Final HP: Fighter=93.7, Opponent=93.7
2025-11-04 10:55:48,965 - DEBUG -   Damage: Dealt=0.0, Taken=0.0
2025-11-04 10:55:48,965 - DEBUG -   Result: LOSS
2025-11-04 10:55:50,459 - DEBUG - Episode 137 | Env 9 | Opponent: training_dummy | Reward: -224.8 | Length: 1000 ticks
2025-11-04 10:55:50,459 - DEBUG -   Final HP: Fighter=93.7, Opponent=93.7
2025-11-04 10:55:50,459 - DEBUG -   Damage: Dealt=0.0, Taken=0.0
2025-11-04 10:55:50,459 - DEBUG -   Result: LOSS
2025-11-04 10:55:50,525 - DEBUG - Episode 138 | Env 2 | Opponent: training_dummy | Reward: -224.8 | Length: 1000 ticks
2025-11-04 10:55:50,526 - DEBUG -   Final HP: Fighter=93.7, Opponent=93.7
2025-11-04 10:55:50,526 - DEBUG -   Damage: Dealt=0.0, Taken=0.0
2025-11-04 10:55:50,526 - DEBUG -   Result: LOSS
2025-11-04 10:55:50,526 - DEBUG - Episode 139 | Env 3 | Opponent: training_dummy | Reward: -224.8 | Length: 1000 ticks
2025-11-04 10:55:50,526 - DEBUG -   Final HP: Fighter=93.7, Opponent=93.7
2025-11-04 10:55:50,526 - DEBUG -   Damage: Dealt=0.0, Taken=0.0
2025-11-04 10:55:50,526 - DEBUG -   Result: LOSS
2025-11-04 10:55:50,526 - DEBUG - Episode 140 | Env 4 | Opponent: training_dummy | Reward: -224.8 | Length: 1000 ticks
2025-11-04 10:55:50,526 - DEBUG -   Final HP: Fighter=93.7, Opponent=93.7
2025-11-04 10:55:50,526 - DEBUG -   Damage: Dealt=0.0, Taken=0.0
2025-11-04 10:55:50,526 - DEBUG -   Result: LOSS
2025-11-04 10:55:50,526 - DEBUG - Episode 141 | Env 5 | Opponent: training_dummy | Reward: -224.8 | Length: 1000 ticks
2025-11-04 10:55:50,526 - DEBUG -   Final HP: Fighter=93.7, Opponent=93.7
2025-11-04 10:55:50,526 - DEBUG -   Damage: Dealt=0.0, Taken=0.0
2025-11-04 10:55:50,526 - DEBUG -   Result: LOSS
2025-11-04 10:55:50,526 - DEBUG - Episode 142 | Env 7 | Opponent: training_dummy | Reward: -224.8 | Length: 1000 ticks
2025-11-04 10:55:50,526 - DEBUG -   Final HP: Fighter=93.7, Opponent=93.7
2025-11-04 10:55:50,526 - DEBUG -   Damage: Dealt=0.0, Taken=0.0
2025-11-04 10:55:50,526 - DEBUG -   Result: LOSS
2025-11-04 10:55:50,526 - DEBUG - Episode 143 | Env 8 | Opponent: training_dummy | Reward: -224.8 | Length: 1000 ticks
2025-11-04 10:55:50,526 - DEBUG -   Final HP: Fighter=93.7, Opponent=93.7
2025-11-04 10:55:50,526 - DEBUG -   Damage: Dealt=0.0, Taken=0.0
2025-11-04 10:55:50,526 - DEBUG -   Result: LOSS
2025-11-04 10:55:50,526 - DEBUG - Episode 144 | Env 10 | Opponent: training_dummy | Reward: -224.8 | Length: 1000 ticks
2025-11-04 10:55:50,526 - DEBUG -   Final HP: Fighter=93.7, Opponent=93.7
2025-11-04 10:55:50,527 - DEBUG -   Damage: Dealt=0.0, Taken=0.0
2025-11-04 10:55:50,527 - DEBUG -   Result: LOSS
2025-11-04 10:55:50,527 - DEBUG - Episode 145 | Env 11 | Opponent: training_dummy | Reward: -224.8 | Length: 1000 ticks
2025-11-04 10:55:50,527 - DEBUG -   Final HP: Fighter=93.7, Opponent=93.7
2025-11-04 10:55:50,527 - DEBUG -   Damage: Dealt=0.0, Taken=0.0
2025-11-04 10:55:50,527 - DEBUG -   Result: LOSS
2025-11-04 10:55:51,741 - DEBUG - Episode 146 | Env 0 | Opponent: training_dummy | Reward: -224.8 | Length: 1000 ticks
2025-11-04 10:55:51,741 - DEBUG -   Final HP: Fighter=93.7, Opponent=93.7
2025-11-04 10:55:51,741 - DEBUG -   Damage: Dealt=0.0, Taken=0.0
2025-11-04 10:55:51,741 - DEBUG -   Result: LOSS
2025-11-04 10:55:53,102 - DEBUG - Episode 147 | Env 6 | Opponent: training_dummy | Reward: -224.8 | Length: 1000 ticks
2025-11-04 10:55:53,102 - DEBUG -   Final HP: Fighter=93.7, Opponent=93.7
2025-11-04 10:55:53,102 - DEBUG -   Damage: Dealt=0.0, Taken=0.0
2025-11-04 10:55:53,103 - DEBUG -   Result: LOSS
2025-11-04 10:55:55,772 - DEBUG - Episode 148 | Env 1 | Opponent: training_dummy | Reward: -224.8 | Length: 1000 ticks
2025-11-04 10:55:55,773 - DEBUG -   Final HP: Fighter=93.7, Opponent=93.7
2025-11-04 10:55:55,773 - DEBUG -   Damage: Dealt=0.0, Taken=0.0
2025-11-04 10:55:55,773 - DEBUG -   Result: LOSS
2025-11-04 10:55:56,375 - DEBUG - Episode 149 | Env 9 | Opponent: training_dummy | Reward: -224.8 | Length: 1000 ticks
2025-11-04 10:55:56,375 - DEBUG -   Final HP: Fighter=93.7, Opponent=93.7
2025-11-04 10:55:56,375 - DEBUG -   Damage: Dealt=0.0, Taken=0.0
2025-11-04 10:55:56,375 - DEBUG -   Result: LOSS
2025-11-04 10:55:56,439 - DEBUG - Episode 150 | Env 2 | Opponent: training_dummy | Reward: -224.8 | Length: 1000 ticks
2025-11-04 10:55:56,439 - DEBUG -   Final HP: Fighter=93.7, Opponent=93.7
2025-11-04 10:55:56,439 - DEBUG -   Damage: Dealt=0.0, Taken=0.0
2025-11-04 10:55:56,439 - DEBUG -   Result: LOSS
2025-11-04 10:55:56,439 - DEBUG - Episode 151 | Env 3 | Opponent: training_dummy | Reward: -224.8 | Length: 1000 ticks
2025-11-04 10:55:56,439 - DEBUG -   Final HP: Fighter=93.7, Opponent=93.7
2025-11-04 10:55:56,439 - DEBUG -   Damage: Dealt=0.0, Taken=0.0
2025-11-04 10:55:56,439 - DEBUG -   Result: LOSS
2025-11-04 10:55:56,439 - DEBUG - Episode 152 | Env 4 | Opponent: training_dummy | Reward: -224.8 | Length: 1000 ticks
2025-11-04 10:55:56,439 - DEBUG -   Final HP: Fighter=93.7, Opponent=93.7
2025-11-04 10:55:56,439 - DEBUG -   Damage: Dealt=0.0, Taken=0.0
2025-11-04 10:55:56,439 - DEBUG -   Result: LOSS
2025-11-04 10:55:56,439 - DEBUG - Episode 153 | Env 5 | Opponent: training_dummy | Reward: -224.8 | Length: 1000 ticks
2025-11-04 10:55:56,439 - DEBUG -   Final HP: Fighter=93.7, Opponent=93.7
2025-11-04 10:55:56,439 - DEBUG -   Damage: Dealt=0.0, Taken=0.0
2025-11-04 10:55:56,439 - DEBUG -   Result: LOSS
2025-11-04 10:55:56,439 - DEBUG - Episode 154 | Env 7 | Opponent: training_dummy | Reward: -224.8 | Length: 1000 ticks
2025-11-04 10:55:56,439 - DEBUG -   Final HP: Fighter=93.7, Opponent=93.7
2025-11-04 10:55:56,439 - DEBUG -   Damage: Dealt=0.0, Taken=0.0
2025-11-04 10:55:56,439 - DEBUG -   Result: LOSS
2025-11-04 10:55:56,439 - DEBUG - Episode 155 | Env 8 | Opponent: training_dummy | Reward: -224.8 | Length: 1000 ticks
2025-11-04 10:55:56,439 - DEBUG -   Final HP: Fighter=93.7, Opponent=93.7
2025-11-04 10:55:56,439 - DEBUG -   Damage: Dealt=0.0, Taken=0.0
2025-11-04 10:55:56,439 - DEBUG -   Result: LOSS
2025-11-04 10:55:56,439 - DEBUG - Episode 156 | Env 10 | Opponent: training_dummy | Reward: -224.8 | Length: 1000 ticks
2025-11-04 10:55:56,439 - DEBUG -   Final HP: Fighter=93.7, Opponent=93.7
2025-11-04 10:55:56,439 - DEBUG -   Damage: Dealt=0.0, Taken=0.0
2025-11-04 10:55:56,439 - DEBUG -   Result: LOSS
2025-11-04 10:55:56,439 - DEBUG - Episode 157 | Env 11 | Opponent: training_dummy | Reward: -224.8 | Length: 1000 ticks
2025-11-04 10:55:56,439 - DEBUG -   Final HP: Fighter=93.7, Opponent=93.7
2025-11-04 10:55:56,439 - DEBUG -   Damage: Dealt=0.0, Taken=0.0
2025-11-04 10:55:56,439 - DEBUG -   Result: LOSS
2025-11-04 10:55:57,682 - DEBUG - Episode 158 | Env 0 | Opponent: training_dummy | Reward: -224.8 | Length: 1000 ticks
2025-11-04 10:55:57,682 - DEBUG -   Final HP: Fighter=93.7, Opponent=93.7
2025-11-04 10:55:57,682 - DEBUG -   Damage: Dealt=0.0, Taken=0.0
2025-11-04 10:55:57,682 - DEBUG -   Result: LOSS
2025-11-04 10:55:57,707 - DEBUG - Episode 159 | Env 9 | Opponent: training_dummy | Reward: -445.2 | Length: 192 ticks
2025-11-04 10:55:57,707 - DEBUG -   Final HP: Fighter=0.0, Opponent=69.8
2025-11-04 10:55:57,707 - DEBUG -   Damage: Dealt=23.9, Taken=93.7
2025-11-04 10:55:57,707 - DEBUG -   Result: LOSS
2025-11-04 10:55:59,028 - DEBUG - Episode 160 | Env 6 | Opponent: training_dummy | Reward: -224.8 | Length: 1000 ticks
2025-11-04 10:55:59,029 - DEBUG -   Final HP: Fighter=93.7, Opponent=93.7
2025-11-04 10:55:59,029 - DEBUG -   Damage: Dealt=0.0, Taken=0.0
2025-11-04 10:55:59,029 - DEBUG -   Result: LOSS
2025-11-04 10:55:59,115 - DEBUG - Episode 161 | Env 1 | Opponent: training_dummy | Reward: -512.0 | Length: 524 ticks
2025-11-04 10:55:59,115 - DEBUG -   Final HP: Fighter=0.0, Opponent=69.7
2025-11-04 10:55:59,115 - DEBUG -   Damage: Dealt=24.0, Taken=93.7
2025-11-04 10:55:59,115 - DEBUG -   Result: LOSS
2025-11-04 10:56:03,590 - DEBUG - Episode 162 | Env 2 | Opponent: training_dummy | Reward: -224.8 | Length: 1000 ticks
2025-11-04 10:56:03,590 - DEBUG -   Final HP: Fighter=93.7, Opponent=93.7
2025-11-04 10:56:03,590 - DEBUG -   Damage: Dealt=0.0, Taken=0.0
2025-11-04 10:56:03,590 - DEBUG -   Result: LOSS
2025-11-04 10:56:03,590 - DEBUG - Episode 163 | Env 3 | Opponent: training_dummy | Reward: -224.8 | Length: 1000 ticks
2025-11-04 10:56:03,590 - DEBUG -   Final HP: Fighter=93.7, Opponent=93.7
2025-11-04 10:56:03,590 - DEBUG -   Damage: Dealt=0.0, Taken=0.0
2025-11-04 10:56:03,590 - DEBUG -   Result: LOSS
2025-11-04 10:56:03,590 - DEBUG - Episode 164 | Env 4 | Opponent: training_dummy | Reward: -319.4 | Length: 1000 ticks
2025-11-04 10:56:03,590 - DEBUG -   Final HP: Fighter=65.6, Opponent=75.9
2025-11-04 10:56:03,590 - DEBUG -   Damage: Dealt=17.8, Taken=28.1
2025-11-04 10:56:03,590 - DEBUG -   Result: LOSS
2025-11-04 10:56:03,590 - DEBUG - Episode 165 | Env 5 | Opponent: training_dummy | Reward: -329.0 | Length: 1000 ticks
2025-11-04 10:56:03,590 - DEBUG -   Final HP: Fighter=55.0, Opponent=70.6
2025-11-04 10:56:03,590 - DEBUG -   Damage: Dealt=23.1, Taken=38.7
2025-11-04 10:56:03,590 - DEBUG -   Result: LOSS
2025-11-04 10:56:03,590 - DEBUG - Episode 166 | Env 7 | Opponent: training_dummy | Reward: -327.1 | Length: 1000 ticks
2025-11-04 10:56:03,590 - DEBUG -   Final HP: Fighter=63.4, Opponent=77.6
2025-11-04 10:56:03,590 - DEBUG -   Damage: Dealt=16.1, Taken=30.3
2025-11-04 10:56:03,590 - DEBUG -   Result: LOSS
2025-11-04 10:56:03,591 - DEBUG - Episode 167 | Env 8 | Opponent: training_dummy | Reward: -359.2 | Length: 1000 ticks
2025-11-04 10:56:03,591 - DEBUG -   Final HP: Fighter=52.4, Opponent=83.0
2025-11-04 10:56:03,591 - DEBUG -   Damage: Dealt=10.7, Taken=41.3
2025-11-04 10:56:03,591 - DEBUG -   Result: LOSS
2025-11-04 10:56:03,591 - DEBUG - Episode 168 | Env 10 | Opponent: training_dummy | Reward: -224.8 | Length: 1000 ticks
2025-11-04 10:56:03,591 - DEBUG -   Final HP: Fighter=93.7, Opponent=93.7
2025-11-04 10:56:03,591 - DEBUG -   Damage: Dealt=0.0, Taken=0.0
2025-11-04 10:56:03,591 - DEBUG -   Result: LOSS
2025-11-04 10:56:03,591 - DEBUG - Episode 169 | Env 11 | Opponent: training_dummy | Reward: -350.0 | Length: 1000 ticks
2025-11-04 10:56:03,591 - DEBUG -   Final HP: Fighter=56.2, Opponent=82.1
2025-11-04 10:56:03,591 - DEBUG -   Damage: Dealt=11.6, Taken=37.5
2025-11-04 10:56:03,591 - DEBUG -   Result: LOSS
2025-11-04 10:56:04,674 - DEBUG - Episode 170 | Env 0 | Opponent: training_dummy | Reward: -224.8 | Length: 1000 ticks
2025-11-04 10:56:04,675 - DEBUG -   Final HP: Fighter=93.7, Opponent=93.7
2025-11-04 10:56:04,675 - DEBUG -   Damage: Dealt=0.0, Taken=0.0
2025-11-04 10:56:04,675 - DEBUG -   Result: LOSS
2025-11-04 10:56:04,701 - DEBUG - Episode 171 | Env 9 | Opponent: training_dummy | Reward: -326.8 | Length: 1000 ticks
2025-11-04 10:56:04,702 - DEBUG -   Final HP: Fighter=66.5, Opponent=80.5
2025-11-04 10:56:04,702 - DEBUG -   Damage: Dealt=13.2, Taken=27.2
2025-11-04 10:56:04,702 - DEBUG -   Result: LOSS
2025-11-04 10:56:05,986 - DEBUG - Episode 172 | Env 6 | Opponent: training_dummy | Reward: -224.8 | Length: 1000 ticks
2025-11-04 10:56:05,986 - DEBUG -   Final HP: Fighter=93.7, Opponent=93.7
2025-11-04 10:56:05,986 - DEBUG -   Damage: Dealt=0.0, Taken=0.0
2025-11-04 10:56:05,986 - DEBUG -   Result: LOSS
2025-11-04 10:56:06,082 - DEBUG - Episode 173 | Env 1 | Opponent: training_dummy | Reward: -336.6 | Length: 1000 ticks
2025-11-04 10:56:06,082 - DEBUG -   Final HP: Fighter=62.9, Opponent=81.9
2025-11-04 10:56:06,082 - DEBUG -   Damage: Dealt=11.8, Taken=30.8
2025-11-04 10:56:06,082 - DEBUG -   Result: LOSS
2025-11-04 10:56:10,609 - DEBUG - Episode 174 | Env 2 | Opponent: training_dummy | Reward: -224.8 | Length: 1000 ticks
2025-11-04 10:56:10,609 - DEBUG -   Final HP: Fighter=93.7, Opponent=93.7
2025-11-04 10:56:10,609 - DEBUG -   Damage: Dealt=0.0, Taken=0.0
2025-11-04 10:56:10,610 - DEBUG -   Result: LOSS
2025-11-04 10:56:10,610 - DEBUG - Episode 175 | Env 3 | Opponent: training_dummy | Reward: -224.8 | Length: 1000 ticks
2025-11-04 10:56:10,610 - DEBUG -   Final HP: Fighter=93.7, Opponent=93.7
2025-11-04 10:56:10,610 - DEBUG -   Damage: Dealt=0.0, Taken=0.0
2025-11-04 10:56:10,610 - DEBUG -   Result: LOSS
2025-11-04 10:56:10,610 - DEBUG - Episode 176 | Env 4 | Opponent: training_dummy | Reward: -224.8 | Length: 1000 ticks
2025-11-04 10:56:10,610 - DEBUG -   Final HP: Fighter=93.7, Opponent=93.7
2025-11-04 10:56:10,610 - DEBUG -   Damage: Dealt=0.0, Taken=0.0
2025-11-04 10:56:10,610 - DEBUG -   Result: LOSS
2025-11-04 10:56:10,610 - DEBUG - Episode 177 | Env 5 | Opponent: training_dummy | Reward: -224.8 | Length: 1000 ticks
2025-11-04 10:56:10,610 - DEBUG -   Final HP: Fighter=93.7, Opponent=93.7
2025-11-04 10:56:10,610 - DEBUG -   Damage: Dealt=0.0, Taken=0.0
2025-11-04 10:56:10,610 - DEBUG -   Result: LOSS
2025-11-04 10:56:10,610 - DEBUG - Episode 178 | Env 7 | Opponent: training_dummy | Reward: -224.8 | Length: 1000 ticks
2025-11-04 10:56:10,610 - DEBUG -   Final HP: Fighter=93.7, Opponent=93.7
2025-11-04 10:56:10,610 - DEBUG -   Damage: Dealt=0.0, Taken=0.0
2025-11-04 10:56:10,610 - DEBUG -   Result: LOSS
2025-11-04 10:56:10,610 - DEBUG - Episode 179 | Env 8 | Opponent: training_dummy | Reward: -224.8 | Length: 1000 ticks
2025-11-04 10:56:10,610 - DEBUG -   Final HP: Fighter=93.7, Opponent=93.7
2025-11-04 10:56:10,610 - DEBUG -   Damage: Dealt=0.0, Taken=0.0
2025-11-04 10:56:10,610 - DEBUG -   Result: LOSS
2025-11-04 10:56:10,610 - DEBUG - Episode 180 | Env 10 | Opponent: training_dummy | Reward: -224.8 | Length: 1000 ticks
2025-11-04 10:56:10,610 - DEBUG -   Final HP: Fighter=93.7, Opponent=93.7
2025-11-04 10:56:10,610 - DEBUG -   Damage: Dealt=0.0, Taken=0.0
2025-11-04 10:56:10,610 - DEBUG -   Result: LOSS
2025-11-04 10:56:10,610 - DEBUG - Episode 181 | Env 11 | Opponent: training_dummy | Reward: -224.8 | Length: 1000 ticks
2025-11-04 10:56:10,610 - DEBUG -   Final HP: Fighter=93.7, Opponent=93.7
2025-11-04 10:56:10,611 - DEBUG -   Damage: Dealt=0.0, Taken=0.0
2025-11-04 10:56:10,611 - DEBUG -   Result: LOSS
2025-11-04 10:56:10,757 - DEBUG - Episode 182 | Env 0 | Opponent: training_dummy | Reward: -224.8 | Length: 1000 ticks
2025-11-04 10:56:10,758 - DEBUG -   Final HP: Fighter=93.7, Opponent=93.7
2025-11-04 10:56:10,758 - DEBUG -   Damage: Dealt=0.0, Taken=0.0
2025-11-04 10:56:10,758 - DEBUG -   Result: LOSS
2025-11-04 10:56:11,862 - DEBUG - Episode 183 | Env 9 | Opponent: training_dummy | Reward: -224.8 | Length: 1000 ticks
2025-11-04 10:56:11,862 - DEBUG -   Final HP: Fighter=93.7, Opponent=93.7
2025-11-04 10:56:11,862 - DEBUG -   Damage: Dealt=0.0, Taken=0.0
2025-11-04 10:56:11,862 - DEBUG -   Result: LOSS
2025-11-04 10:56:12,523 - DEBUG - Episode 184 | Env 6 | Opponent: training_dummy | Reward: -224.8 | Length: 1000 ticks
2025-11-04 10:56:12,523 - DEBUG -   Final HP: Fighter=93.7, Opponent=93.7
2025-11-04 10:56:12,523 - DEBUG -   Damage: Dealt=0.0, Taken=0.0
2025-11-04 10:56:12,523 - DEBUG -   Result: LOSS
2025-11-04 10:56:12,612 - DEBUG - Episode 185 | Env 1 | Opponent: training_dummy | Reward: -224.8 | Length: 1000 ticks
2025-11-04 10:56:12,612 - DEBUG -   Final HP: Fighter=93.7, Opponent=93.7
2025-11-04 10:56:12,612 - DEBUG -   Damage: Dealt=0.0, Taken=0.0
2025-11-04 10:56:12,612 - DEBUG -   Result: LOSS
2025-11-04 10:56:16,179 - DEBUG - Episode 186 | Env 2 | Opponent: training_dummy | Reward: -224.8 | Length: 1000 ticks
2025-11-04 10:56:16,180 - DEBUG -   Final HP: Fighter=93.7, Opponent=93.7
2025-11-04 10:56:16,180 - DEBUG -   Damage: Dealt=0.0, Taken=0.0
2025-11-04 10:56:16,180 - DEBUG -   Result: LOSS
2025-11-04 10:56:16,180 - DEBUG - Episode 187 | Env 3 | Opponent: training_dummy | Reward: -224.8 | Length: 1000 ticks
2025-11-04 10:56:16,180 - DEBUG -   Final HP: Fighter=93.7, Opponent=93.7
2025-11-04 10:56:16,180 - DEBUG -   Damage: Dealt=0.0, Taken=0.0
2025-11-04 10:56:16,180 - DEBUG -   Result: LOSS
2025-11-04 10:56:16,180 - DEBUG - Episode 188 | Env 4 | Opponent: training_dummy | Reward: -224.8 | Length: 1000 ticks
2025-11-04 10:56:16,180 - DEBUG -   Final HP: Fighter=93.7, Opponent=93.7
2025-11-04 10:56:16,180 - DEBUG -   Damage: Dealt=0.0, Taken=0.0
2025-11-04 10:56:16,180 - DEBUG -   Result: LOSS
2025-11-04 10:56:16,180 - DEBUG - Episode 189 | Env 5 | Opponent: training_dummy | Reward: -224.8 | Length: 1000 ticks
2025-11-04 10:56:16,180 - DEBUG -   Final HP: Fighter=93.7, Opponent=93.7
2025-11-04 10:56:16,180 - DEBUG -   Damage: Dealt=0.0, Taken=0.0
2025-11-04 10:56:16,180 - DEBUG -   Result: LOSS
2025-11-04 10:56:16,180 - DEBUG - Episode 190 | Env 7 | Opponent: training_dummy | Reward: -224.8 | Length: 1000 ticks
2025-11-04 10:56:16,180 - DEBUG -   Final HP: Fighter=93.7, Opponent=93.7
2025-11-04 10:56:16,180 - DEBUG -   Damage: Dealt=0.0, Taken=0.0
2025-11-04 10:56:16,180 - DEBUG -   Result: LOSS
2025-11-04 10:56:16,180 - DEBUG - Episode 191 | Env 8 | Opponent: training_dummy | Reward: -224.8 | Length: 1000 ticks
2025-11-04 10:56:16,180 - DEBUG -   Final HP: Fighter=93.7, Opponent=93.7
2025-11-04 10:56:16,180 - DEBUG -   Damage: Dealt=0.0, Taken=0.0
2025-11-04 10:56:16,180 - DEBUG -   Result: LOSS
2025-11-04 10:56:16,180 - DEBUG - Episode 192 | Env 10 | Opponent: training_dummy | Reward: -224.8 | Length: 1000 ticks
2025-11-04 10:56:16,181 - DEBUG -   Final HP: Fighter=93.7, Opponent=93.7
2025-11-04 10:56:16,181 - DEBUG -   Damage: Dealt=0.0, Taken=0.0
2025-11-04 10:56:16,181 - DEBUG -   Result: LOSS
2025-11-04 10:56:16,181 - DEBUG - Episode 193 | Env 11 | Opponent: training_dummy | Reward: -224.8 | Length: 1000 ticks
2025-11-04 10:56:16,181 - DEBUG -   Final HP: Fighter=93.7, Opponent=93.7
2025-11-04 10:56:16,181 - DEBUG -   Damage: Dealt=0.0, Taken=0.0
2025-11-04 10:56:16,181 - DEBUG -   Result: LOSS
2025-11-04 10:56:16,314 - DEBUG - Episode 194 | Env 0 | Opponent: training_dummy | Reward: -224.8 | Length: 1000 ticks
2025-11-04 10:56:16,314 - DEBUG -   Final HP: Fighter=93.7, Opponent=93.7
2025-11-04 10:56:16,314 - DEBUG -   Damage: Dealt=0.0, Taken=0.0
2025-11-04 10:56:16,314 - DEBUG -   Result: LOSS
2025-11-04 10:56:16,340 - DEBUG - Episode 195 | Env 9 | Opponent: training_dummy | Reward: -224.8 | Length: 1000 ticks
2025-11-04 10:56:16,340 - DEBUG -   Final HP: Fighter=93.7, Opponent=93.7
2025-11-04 10:56:16,340 - DEBUG -   Damage: Dealt=0.0, Taken=0.0
2025-11-04 10:56:16,340 - DEBUG -   Result: LOSS
2025-11-04 10:56:17,690 - DEBUG - Episode 196 | Env 6 | Opponent: training_dummy | Reward: -224.8 | Length: 1000 ticks
2025-11-04 10:56:17,691 - DEBUG -   Final HP: Fighter=93.7, Opponent=93.7
2025-11-04 10:56:17,691 - DEBUG -   Damage: Dealt=0.0, Taken=0.0
2025-11-04 10:56:17,691 - DEBUG -   Result: LOSS
2025-11-04 10:56:18,229 - DEBUG - Episode 197 | Env 1 | Opponent: training_dummy | Reward: -224.8 | Length: 1000 ticks
2025-11-04 10:56:18,230 - DEBUG -   Final HP: Fighter=93.7, Opponent=93.7
2025-11-04 10:56:18,230 - DEBUG -   Damage: Dealt=0.0, Taken=0.0
2025-11-04 10:56:18,230 - DEBUG -   Result: LOSS
2025-11-04 10:56:22,477 - DEBUG - Episode 198 | Env 2 | Opponent: training_dummy | Reward: -224.8 | Length: 1000 ticks
2025-11-04 10:56:22,478 - DEBUG -   Final HP: Fighter=93.7, Opponent=93.7
2025-11-04 10:56:22,478 - DEBUG -   Damage: Dealt=0.0, Taken=0.0
2025-11-04 10:56:22,478 - DEBUG -   Result: LOSS
2025-11-04 10:56:22,478 - DEBUG - Episode 199 | Env 3 | Opponent: training_dummy | Reward: -224.8 | Length: 1000 ticks
2025-11-04 10:56:22,478 - DEBUG -   Final HP: Fighter=93.7, Opponent=93.7
2025-11-04 10:56:22,478 - DEBUG -   Damage: Dealt=0.0, Taken=0.0
2025-11-04 10:56:22,478 - DEBUG -   Result: LOSS
2025-11-04 10:56:22,478 - DEBUG - Episode 200 | Env 4 | Opponent: training_dummy | Reward: -224.8 | Length: 1000 ticks
2025-11-04 10:56:22,478 - DEBUG -   Final HP: Fighter=93.7, Opponent=93.7
2025-11-04 10:56:22,478 - DEBUG -   Damage: Dealt=0.0, Taken=0.0
2025-11-04 10:56:22,478 - DEBUG -   Result: LOSS
2025-11-04 10:56:22,478 - DEBUG - Episode 201 | Env 5 | Opponent: training_dummy | Reward: -224.8 | Length: 1000 ticks
2025-11-04 10:56:22,478 - DEBUG -   Final HP: Fighter=93.7, Opponent=93.7
2025-11-04 10:56:22,478 - DEBUG -   Damage: Dealt=0.0, Taken=0.0
2025-11-04 10:56:22,478 - DEBUG -   Result: LOSS
2025-11-04 10:56:22,478 - DEBUG - Episode 202 | Env 7 | Opponent: training_dummy | Reward: -224.8 | Length: 1000 ticks
2025-11-04 10:56:22,478 - DEBUG -   Final HP: Fighter=93.7, Opponent=93.7
2025-11-04 10:56:22,478 - DEBUG -   Damage: Dealt=0.0, Taken=0.0
2025-11-04 10:56:22,478 - DEBUG -   Result: LOSS
2025-11-04 10:56:22,478 - DEBUG - Episode 203 | Env 8 | Opponent: training_dummy | Reward: -224.8 | Length: 1000 ticks
2025-11-04 10:56:22,478 - DEBUG -   Final HP: Fighter=93.7, Opponent=93.7
2025-11-04 10:56:22,478 - DEBUG -   Damage: Dealt=0.0, Taken=0.0
2025-11-04 10:56:22,479 - DEBUG -   Result: LOSS
2025-11-04 10:56:22,479 - DEBUG - Episode 204 | Env 10 | Opponent: training_dummy | Reward: -224.8 | Length: 1000 ticks
2025-11-04 10:56:22,479 - DEBUG -   Final HP: Fighter=93.7, Opponent=93.7
2025-11-04 10:56:22,479 - DEBUG -   Damage: Dealt=0.0, Taken=0.0
2025-11-04 10:56:22,479 - DEBUG -   Result: LOSS
2025-11-04 10:56:22,479 - DEBUG - Episode 205 | Env 11 | Opponent: training_dummy | Reward: -224.8 | Length: 1000 ticks
2025-11-04 10:56:22,479 - DEBUG -   Final HP: Fighter=93.7, Opponent=93.7
2025-11-04 10:56:22,479 - DEBUG -   Damage: Dealt=0.0, Taken=0.0
2025-11-04 10:56:22,479 - DEBUG -   Result: LOSS
2025-11-04 10:56:23,402 - DEBUG - Episode 206 | Env 0 | Opponent: training_dummy | Reward: -224.8 | Length: 1000 ticks
2025-11-04 10:56:23,402 - DEBUG -   Final HP: Fighter=93.7, Opponent=93.7
2025-11-04 10:56:23,402 - DEBUG -   Damage: Dealt=0.0, Taken=0.0
2025-11-04 10:56:23,402 - DEBUG -   Result: LOSS
2025-11-04 10:56:23,433 - DEBUG - Episode 207 | Env 9 | Opponent: training_dummy | Reward: -224.8 | Length: 1000 ticks
2025-11-04 10:56:23,433 - DEBUG -   Final HP: Fighter=93.7, Opponent=93.7
2025-11-04 10:56:23,433 - DEBUG -   Damage: Dealt=0.0, Taken=0.0
2025-11-04 10:56:23,433 - DEBUG -   Result: LOSS
2025-11-04 10:56:23,448 - DEBUG - Episode 208 | Env 7 | Opponent: training_dummy | Reward: -434.3 | Length: 151 ticks
2025-11-04 10:56:23,448 - DEBUG -   Final HP: Fighter=0.0, Opponent=69.8
2025-11-04 10:56:23,448 - DEBUG -   Damage: Dealt=23.9, Taken=93.7
2025-11-04 10:56:23,448 - DEBUG -   Result: LOSS
2025-11-04 10:56:24,304 - DEBUG - Episode 209 | Env 6 | Opponent: training_dummy | Reward: -224.8 | Length: 1000 ticks
2025-11-04 10:56:24,304 - DEBUG -   Final HP: Fighter=93.7, Opponent=93.7
2025-11-04 10:56:24,304 - DEBUG -   Damage: Dealt=0.0, Taken=0.0
2025-11-04 10:56:24,304 - DEBUG -   Result: LOSS
2025-11-04 10:56:25,525 - DEBUG - Episode 210 | Env 1 | Opponent: training_dummy | Reward: -224.8 | Length: 1000 ticks
2025-11-04 10:56:25,525 - DEBUG -   Final HP: Fighter=93.7, Opponent=93.7
2025-11-04 10:56:25,525 - DEBUG -   Damage: Dealt=0.0, Taken=0.0
2025-11-04 10:56:25,525 - DEBUG -   Result: LOSS
2025-11-04 10:56:28,664 - DEBUG - Episode 211 | Env 2 | Opponent: training_dummy | Reward: -334.1 | Length: 1000 ticks
2025-11-04 10:56:28,664 - DEBUG -   Final HP: Fighter=42.9, Opponent=61.4
2025-11-04 10:56:28,665 - DEBUG -   Damage: Dealt=32.3, Taken=50.8
2025-11-04 10:56:28,665 - DEBUG -   Result: LOSS
2025-11-04 10:56:28,665 - DEBUG - Episode 212 | Env 3 | Opponent: training_dummy | Reward: -224.8 | Length: 1000 ticks
2025-11-04 10:56:28,665 - DEBUG -   Final HP: Fighter=93.7, Opponent=93.7
2025-11-04 10:56:28,665 - DEBUG -   Damage: Dealt=0.0, Taken=0.0
2025-11-04 10:56:28,665 - DEBUG -   Result: LOSS
2025-11-04 10:56:28,665 - DEBUG - Episode 213 | Env 4 | Opponent: training_dummy | Reward: -224.8 | Length: 1000 ticks
2025-11-04 10:56:28,665 - DEBUG -   Final HP: Fighter=93.7, Opponent=93.7
2025-11-04 10:56:28,665 - DEBUG -   Damage: Dealt=0.0, Taken=0.0
2025-11-04 10:56:28,665 - DEBUG -   Result: LOSS
2025-11-04 10:56:28,665 - DEBUG - Episode 214 | Env 5 | Opponent: training_dummy | Reward: -224.8 | Length: 1000 ticks
2025-11-04 10:56:28,665 - DEBUG -   Final HP: Fighter=93.7, Opponent=93.7
2025-11-04 10:56:28,665 - DEBUG -   Damage: Dealt=0.0, Taken=0.0
2025-11-04 10:56:28,665 - DEBUG -   Result: LOSS
2025-11-04 10:56:28,665 - DEBUG - Episode 215 | Env 8 | Opponent: training_dummy | Reward: -224.8 | Length: 1000 ticks
2025-11-04 10:56:28,665 - DEBUG -   Final HP: Fighter=93.7, Opponent=93.7
2025-11-04 10:56:28,665 - DEBUG -   Damage: Dealt=0.0, Taken=0.0
2025-11-04 10:56:28,665 - DEBUG -   Result: LOSS
2025-11-04 10:56:28,665 - DEBUG - Episode 216 | Env 10 | Opponent: training_dummy | Reward: -224.8 | Length: 1000 ticks
2025-11-04 10:56:28,665 - DEBUG -   Final HP: Fighter=93.7, Opponent=93.7
2025-11-04 10:56:28,665 - DEBUG -   Damage: Dealt=0.0, Taken=0.0
2025-11-04 10:56:28,665 - DEBUG -   Result: LOSS
2025-11-04 10:56:28,665 - DEBUG - Episode 217 | Env 11 | Opponent: training_dummy | Reward: -224.8 | Length: 1000 ticks
2025-11-04 10:56:28,665 - DEBUG -   Final HP: Fighter=93.7, Opponent=93.7
2025-11-04 10:56:28,665 - DEBUG -   Damage: Dealt=0.0, Taken=0.0
2025-11-04 10:56:28,665 - DEBUG -   Result: LOSS
2025-11-04 10:56:29,518 - DEBUG - Episode 218 | Env 0 | Opponent: training_dummy | Reward: -224.8 | Length: 1000 ticks
2025-11-04 10:56:29,519 - DEBUG -   Final HP: Fighter=93.7, Opponent=93.7
2025-11-04 10:56:29,519 - DEBUG -   Damage: Dealt=0.0, Taken=0.0
2025-11-04 10:56:29,519 - DEBUG -   Result: LOSS
2025-11-04 10:56:29,558 - DEBUG - Episode 219 | Env 9 | Opponent: training_dummy | Reward: -224.8 | Length: 1000 ticks
2025-11-04 10:56:29,558 - DEBUG -   Final HP: Fighter=93.7, Opponent=93.7
2025-11-04 10:56:29,558 - DEBUG -   Damage: Dealt=0.0, Taken=0.0
2025-11-04 10:56:29,558 - DEBUG -   Result: LOSS
2025-11-04 10:56:29,594 - DEBUG - Episode 220 | Env 7 | Opponent: training_dummy | Reward: -224.8 | Length: 1000 ticks
2025-11-04 10:56:29,595 - DEBUG -   Final HP: Fighter=93.7, Opponent=93.7
2025-11-04 10:56:29,595 - DEBUG -   Damage: Dealt=0.0, Taken=0.0
2025-11-04 10:56:29,595 - DEBUG -   Result: LOSS
2025-11-04 10:56:30,915 - DEBUG - Episode 221 | Env 6 | Opponent: training_dummy | Reward: -224.8 | Length: 1000 ticks
2025-11-04 10:56:30,916 - DEBUG -   Final HP: Fighter=93.7, Opponent=93.7
2025-11-04 10:56:30,916 - DEBUG -   Damage: Dealt=0.0, Taken=0.0
2025-11-04 10:56:30,916 - DEBUG -   Result: LOSS
2025-11-04 10:56:32,573 - DEBUG - Episode 222 | Env 1 | Opponent: training_dummy | Reward: -224.8 | Length: 1000 ticks
2025-11-04 10:56:32,574 - DEBUG -   Final HP: Fighter=93.7, Opponent=93.7
2025-11-04 10:56:32,574 - DEBUG -   Damage: Dealt=0.0, Taken=0.0
2025-11-04 10:56:32,574 - DEBUG -   Result: LOSS
